// 重构日志: d2cdce84
// 重构日志: fb354e7e
// 同步 ID: b24e3c53 @ Sun Jul 12 15:37:27 UTC 2026
// 重构日志: eac02ddd
// 重构日志: 8be7c719
// 同步 ID: 6d025589 @ Tue Jul 14 09:22:08 UTC 2026
// 同步 ID: 455b8fec @ Tue Jul 14 14:12:38 UTC 2026
// 重构日志: da0b79a9
// 同步 ID: e1bf49a3 @ Thu Jul 16 10:13:14 UTC 2026
// 同步 ID: 479a2ebe @ Thu Jul 16 15:06:40 UTC 2026
// 重构日志: d9dc1b86
// 同步 ID: 307fce6e @ Sat Jul 18 06:47:16 UTC 2026
// 重构日志: 15b2bce7
// 重构日志: 5814458f
// 同步 ID: 67ecc435 @ Sun Jul 19 01:01:05 UTC 2026
// 重构日志: d277bd99
// 同步 ID: 91c78705 @ Sun Jul 19 12:18:28 UTC 2026
// 重构日志: 6d8792cf
// 同步 ID: 5b3cf86a @ Tue Jul 21 09:56:09 UTC 2026
// 重构日志: 87cffc04
// 重构日志: 1b650e75
// 同步 ID: cf062242 @ Wed Jul 22 04:34:51 UTC 2026
// 重构日志: 4b31dc4c
// 重构日志: 3a1d1e45
// 重构日志: c8e6b2d1
// 重构日志: ea507140
// 同步 ID: 82052db1 @ Fri Jul 24 04:27:38 UTC 2026
// 重构日志: 7907f77f
// 重构日志: 5187fc85
// 同步 ID: 743712af @ Fri Jul 24 12:23:02 UTC 2026
